<?xml version="1.0" encoding="UTF-8"?>
<!-- Generated by org.testng.reporters.JUnitReportReporter -->
<testsuite hostname="DESKTOP-0A7DVIM" failures="0" tests="1" name="com.simplilearn.testcases.Testcases$flightbooking" time="3.962" errors="0" timestamp="2023-09-09T21:34:31 IST" skipped="0">
  <testcase classname="com.simplilearn.testcases.Testcases$flightbooking" name="book_flight" time="3.962"/>
</testsuite> <!-- com.simplilearn.testcases.Testcases$flightbooking -->
