<?xml version="1.0" encoding="UTF-8"?>
<!-- Generated by org.testng.reporters.JUnitReportReporter -->
<testsuite hostname="DESKTOP-0A7DVIM" failures="0" tests="1" name="com.simplilearn.TestingAirlinesTravelApplication.RegistrationPage" time="4.498" errors="0" timestamp="2023-09-07T01:13:30 IST" skipped="0">
  <testcase classname="com.simplilearn.TestingAirlinesTravelApplication.RegistrationPage" name="homepage" time="4.498"/>
</testsuite> <!-- com.simplilearn.TestingAirlinesTravelApplication.RegistrationPage -->
