<?xml version="1.0" encoding="UTF-8"?>
<!-- Generated by org.testng.reporters.JUnitReportReporter -->
<testsuite hostname="DESKTOP-0A7DVIM" failures="0" tests="1" name="com.simplilearn.testcases.Testcases$flightbooking" time="4.500" errors="0" timestamp="2023-09-09T18:30:04 IST" skipped="0">
  <testcase classname="com.simplilearn.testcases.Testcases$flightbooking" name="book_flight" time="4.500"/>
</testsuite> <!-- com.simplilearn.testcases.Testcases$flightbooking -->
